{"/Users/salek/Documents/work/react-native/KnowladgeBase/MakeTests/src/app/my-component.js": {"path":"/Users/salek/Documents/work/react-native/KnowladgeBase/MakeTests/src/app/my-component.js","statementMap":{"0":{"start":{"line":14,"column":4},"end":{"line":14,"column":17}},"1":{"start":{"line":20,"column":8},"end":{"line":20,"column":18}},"2":{"start":{"line":21,"column":4},"end":{"line":37,"column":6}}},"fnMap":{"0":{"name":"(anonymous_0)","decl":{"start":{"line":13,"column":2},"end":{"line":13,"column":3}},"loc":{"start":{"line":13,"column":21},"end":{"line":15,"column":3}}},"1":{"name":"(anonymous_1)","decl":{"start":{"line":17,"column":2},"end":{"line":17,"column":3}},"loc":{"start":{"line":17,"column":11},"end":{"line":38,"column":3}}}},"branchMap":{},"s":{"0":3,"1":3,"2":3},"f":{"0":3,"1":3},"b":{},"_coverageSchema":"332fd63041d2c1bcb487cc26dd0d5f7d97098a6c","hash":"07bfef03a7c3f8f9a31e8ce1cf974ce1e38bf8bc"}
}
