{"/Users/salek/Documents/work/react-native/KnowladgeBase/MakeTests/src/app/my-component.js": {"path":"/Users/salek/Documents/work/react-native/KnowladgeBase/MakeTests/src/app/my-component.js","statementMap":{"0":{"start":{"line":9,"column":4},"end":{"line":25,"column":6}}},"fnMap":{"0":{"name":"(anonymous_0)","decl":{"start":{"line":8,"column":2},"end":{"line":8,"column":3}},"loc":{"start":{"line":8,"column":11},"end":{"line":26,"column":3}}}},"branchMap":{},"s":{"0":1},"f":{"0":1},"b":{},"_coverageSchema":"332fd63041d2c1bcb487cc26dd0d5f7d97098a6c","hash":"e521d77f7389de6bed88ea45872eb3e03e2f4209"}
}
